1659789451343	geckodriver	INFO	Listening on 127.0.0.1:50132
1659789454409	mozrunner::runner	INFO	Running command: "C:\\Program Files\\Mozilla Firefox\\firefox.exe" "--marionette" "--remote-debugging-port" "50133" "--remote-allow-hosts" "localhost" "-no-remote" "-profile" "C:\\Users\\marfi\\AppData\\Local\\Temp\\rust_mozprofileMVpTF9"
1659789454806	Marionette	INFO	Marionette enabled
1659789454812	Marionette	INFO	Listening on port 50143
WebDriver BiDi listening on ws://localhost:50133
Read port: 50143
1659789454984	RemoteAgent	WARN	TLS certificate errors will be ignored for this session
console.warn: SearchSettings: "get: No settings file exists, new profile?" (new NotFoundError("Could not open the file at C:\\Users\\marfi\\AppData\\Local\\Temp\\rust_mozprofileMVpTF9\\search.json.mozlz4", (void 0)))
DevTools listening on ws://localhost:50133/devtools/browser/22b7ff0b-5543-4582-9fe0-cce4242d48a4
1659790145289	Marionette	INFO	Stopped listening on port 50143
console.warn: TopSitesFeed: Failed to fetch data from Contile server: NetworkError when attempting to fetch resource.
remote-debugging-port" "50452" "--remote-allow-hosts" "localhost" "-no-remote" "-profile" "C:\\Users\\marfi\\AppData\\Local\\Temp\\rust_mozprofile45seS6"
1659790067993	Marionette	INFO	Marionette enabled
1659790067997	Marionette	INFO	Listening on port 50462
Read port: 50462
WebDriver BiDi listening on ws://localhost:50452
1659790068149	RemoteAgent	WARN	TLS certificate errors will be ignored for this session
console.warn: SearchSettings: "get: No settings file exists, new profile?" (new NotFoundError("Could not open the file at C:\\Users\\marfi\\AppData\\Local\\Temp\\rust_mozprofile45seS6\\search.json.mozlz4", (void 0)))
DevTools listening on ws://localhost:50452/devtools/browser/4db656b5-92e5-4352-a40e-081a826bacca
1659790096803	Marionette	INFO	Stopped listening on port 50462
console.warn: TopSitesFeed: Failed to fetch data from Contile server: NetworkError when attempting to fetch resource.
remote-debugging-port" "50497" "--remote-allow-hosts" "localhost" "-no-remote" "-profile" "C:\\Users\\marfi\\AppData\\Local\\Temp\\rust_mozprofileeSOvgo"
1659790093317	Marionette	INFO	Marionette enabled
1659790093322	Marionette	INFO	Listening on port 50507
WebDriver BiDi listening on ws://localhost:50497
Read port: 50507
1659790093469	RemoteAgent	WARN	TLS certificate errors will be ignored for this session
console.warn: SearchSettings: "get: No settings file exists, new profile?" (new NotFoundError("Could not open the file at C:\\Users\\marfi\\AppData\\Local\\Temp\\rust_mozprofileeSOvgo\\search.json.mozlz4", (void 0)))
DevTools listening on ws://localhost:50497/devtools/browser/ae79d28c-bfbe-477e-94ad-4c5b72a39ebb
JavaScript error: resource://gre/modules/XULStore.jsm, line 68: Error: Can't find profile directory.
JavaScript error: resource://gre/modules/XULStore.jsm, line 68: Error: Can't find profile directory.
JavaScript warning: https://pagead2.googlesyndication.com/bg/DGCvT-nfUO_IqA_cAEgHI9RDpG7IWcgQjTpWlJPkZjY.js line 2 > eval line 5391 > eval line 1 > eval line 1 > eval, line 1: WEBGL_debug_renderer_info is deprecated in Firefox and will be removed. Please use RENDERER.
1659790146476	Marionette	INFO	Stopped listening on port 50507
JavaScript error: , line 0: TypeError: NetworkError when attempting to fetch resource.
console.warn: TopSitesFeed: Failed to fetch data from Contile server: NetworkError when attempting to fetch resource.
" "C:\\Users\\marfi\\AppData\\Local\\Temp\\rust_mozprofileQCCC1P"
1659790137685	Marionette	INFO	Marionette enabled
1659790137691	Marionette	INFO	Listening on port 50617
WebDriver BiDi listening on ws://localhost:50607
Read port: 50617
1659790137850	RemoteAgent	WARN	TLS certificate errors will be ignored for this session
console.warn: SearchSettings: "get: No settings file exists, new profile?" (new NotFoundError("Could not open the file at C:\\Users\\marfi\\AppData\\Local\\Temp\\rust_mozprofileQCCC1P\\search.json.mozlz4", (void 0)))
DevTools listening on ws://localhost:50607/devtools/browser/10284421-61c9-4a76-ac51-dfaa964e31d9
JavaScript error: resource://gre/modules/XULStore.jsm, line 68: Error: Can't find profile directory.
JavaScript error: resource://gre/modules/XULStore.jsm, line 68: Error: Can't find profile directory.
1659790148847	Marionette	INFO	Stopped listening on port 50617
[Parent 25168, IPC I/O Parent] WARNING: file /builds/worker/checkouts/gecko/ipc/chromium/src/base/process_util_win.cc:167
JavaScript error: , line 0: TypeError: NetworkError when attempting to fetch resource.
1659790218735	geckodriver	INFO	Listening on 127.0.0.1:50726
1659790221797	mozrunner::runner	INFO	Running command: "C:\\Program Files\\Mozilla Firefox\\firefox.exe" "--marionette" "--remote-debugging-port" "50727" "--remote-allow-hosts" "localhost" "-no-remote" "-profile" "C:\\Users\\marfi\\AppData\\Local\\Temp\\rust_mozprofileUMsNp2"
1659790222243	Marionette	INFO	Marionette enabled
1659790222249	Marionette	INFO	Listening on port 50739
WebDriver BiDi listening on ws://localhost:50727
Read port: 50739
1659790222457	RemoteAgent	WARN	TLS certificate errors will be ignored for this session
console.warn: SearchSettings: "get: No settings file exists, new profile?" (new NotFoundError("Could not open the file at C:\\Users\\marfi\\AppData\\Local\\Temp\\rust_mozprofileUMsNp2\\search.json.mozlz4", (void 0)))
DevTools listening on ws://localhost:50727/devtools/browser/0fb33345-4695-4d25-8462-6a71ee724f78
JavaScript error: resource://gre/modules/XULStore.jsm, line 68: Error: Can't find profile directory.
JavaScript error: resource://gre/modules/XULStore.jsm, line 68: Error: Can't find profile directory.
JavaScript error: , line 0: uncaught exception: undefined
JavaScript error: , line 0: uncaught exception: undefined
JavaScript error: , line 0: uncaught exception: undefined
1659790249135	Marionette	INFO	Stopped listening on port 50739
console.warn: TopSitesFeed: Failed to fetch data from Contile server: NetworkError when attempting to fetch resource.
1659790253465	geckodriver	INFO	Listening on 127.0.0.1:50842
1659790256533	mozrunner::runner	INFO	Running command: "C:\\Program Files\\Mozilla Firefox\\firefox.exe" "--marionette" "--remote-debugging-port" "50843" "--remote-allow-hosts" "localhost" "-no-remote" "-profile" "C:\\Users\\marfi\\AppData\\Local\\Temp\\rust_mozprofilebieoRj"
1659790256851	Marionette	INFO	Marionette enabled
1659790256856	Marionette	INFO	Listening on port 50854
WebDriver BiDi listening on ws://localhost:50843
Read port: 50854
1659790256990	RemoteAgent	WARN	TLS certificate errors will be ignored for this session
console.warn: SearchSettings: "get: No settings file exists, new profile?" (new NotFoundError("Could not open the file at C:\\Users\\marfi\\AppData\\Local\\Temp\\rust_mozprofilebieoRj\\search.json.mozlz4", (void 0)))
DevTools listening on ws://localhost:50843/devtools/browser/fab7dd79-f344-4896-9c3e-84cb3c4805eb
JavaScript error: resource://gre/modules/XULStore.jsm, line 68: Error: Can't find profile directory.
JavaScript error: resource://gre/modules/XULStore.jsm, line 68: Error: Can't find profile directory.
JavaScript error: , line 0: uncaught exception: undefined
1659790268149	Marionette	INFO	Stopped listening on port 50854
console.warn: TopSitesFeed: Failed to fetch data from Contile server: NetworkError when attempting to fetch resource.
1659790334200	geckodriver	INFO	Listening on 127.0.0.1:51000
1659790337260	mozrunner::runner	INFO	Running command: "C:\\Program Files\\Mozilla Firefox\\firefox.exe" "--marionette" "--remote-debugging-port" "51001" "--remote-allow-hosts" "localhost" "-no-remote" "-profile" "C:\\Users\\marfi\\AppData\\Local\\Temp\\rust_mozprofiledi08bu"
1659790337599	Marionette	INFO	Marionette enabled
1659790337604	Marionette	INFO	Listening on port 51016
WebDriver BiDi listening on ws://localhost:51001
Read port: 51016
1659790337755	RemoteAgent	WARN	TLS certificate errors will be ignored for this session
console.warn: SearchSettings: "get: No settings file exists, new profile?" (new NotFoundError("Could not open the file at C:\\Users\\marfi\\AppData\\Local\\Temp\\rust_mozprofiledi08bu\\search.json.mozlz4", (void 0)))
DevTools listening on ws://localhost:51001/devtools/browser/0dd0087c-f787-491d-8f21-79f9af3a5408
1659790346893	Marionette	INFO	Stopped listening on port 51016
console.warn: TopSitesFeed: Failed to fetch data from Contile server: NetworkError when attempting to fetch resource.
1659790355269	geckodriver	INFO	Listening on 127.0.0.1:51041
1659790358342	mozrunner::runner	INFO	Running command: "C:\\Program Files\\Mozilla Firefox\\firefox.exe" "--marionette" "--remote-debugging-port" "51042" "--remote-allow-hosts" "localhost" "-no-remote" "-profile" "C:\\Users\\marfi\\AppData\\Local\\Temp\\rust_mozprofileLtNAqt"
1659790358666	Marionette	INFO	Marionette enabled
1659790358670	Marionette	INFO	Listening on port 51052
WebDriver BiDi listening on ws://localhost:51042
Read port: 51052
1659790358807	RemoteAgent	WARN	TLS certificate errors will be ignored for this session
console.warn: SearchSettings: "get: No settings file exists, new profile?" (new NotFoundError("Could not open the file at C:\\Users\\marfi\\AppData\\Local\\Temp\\rust_mozprofileLtNAqt\\search.json.mozlz4", (void 0)))
DevTools listening on ws://localhost:51042/devtools/browser/b484f4f9-f1b1-4b5a-857f-11c91b72e486
JavaScript error: resource://gre/modules/XULStore.jsm, line 68: Error: Can't find profile directory.
JavaScript error: resource://gre/modules/XULStore.jsm, line 68: Error: Can't find profile directory.
JavaScript error: , line 0: uncaught exception: undefined
JavaScript error: , line 0: uncaught exception: undefined
JavaScript error: , line 0: uncaught exception: undefined
JavaScript error: , line 0: uncaught exception: undefined
JavaScript error: , line 0: uncaught exception: undefined
JavaScript error: , line 0: uncaught exception: undefined
JavaScript error: , line 0: uncaught exception: undefined
JavaScript error: , line 0: uncaught exception: undefined
JavaScript error: , line 0: uncaught exception: undefined
JavaScript error: , line 0: uncaught exception: undefined
JavaScript error: , line 0: uncaught exception: undefined
JavaScript error: , line 0: uncaught exception: undefined
JavaScript error: , line 0: uncaught exception: undefined
JavaScript error: , line 0: uncaught exception: undefined
JavaScript error: https://simcotools.app/static/js/main.2856f570.js, line 2: TypeError: e[(e.length - 1)] is undefined
JavaScript error: https://simcotools.app/static/js/main.2856f570.js, line 2: TypeError: e[(e.length - 1)] is undefined
JavaScript error: , line 0: uncaught exception: undefined
JavaScript error: https://simcotools.app/static/js/main.2856f570.js, line 2: TypeError: e[(e.length - 1)] is undefined
JavaScript error: , line 0: uncaught exception: undefined
JavaScript error: https://simcotools.app/static/js/main.2856f570.js, line 2: TypeError: e[(e.length - 1)] is undefined
JavaScript error: , line 0: uncaught exception: undefined
JavaScript error: , line 0: uncaught exception: undefined
JavaScript error: , line 0: uncaught exception: undefined
JavaScript error: , line 0: uncaught exception: undefined
JavaScript error: , line 0: uncaught exception: undefined
JavaScript error: , line 0: uncaught exception: undefined
JavaScript error: , line 0: uncaught exception: undefined
JavaScript error: , line 0: uncaught exception: undefined
JavaScript error: , line 0: uncaught exception: undefined
JavaScript error: , line 0: uncaught exception: undefined
JavaScript error: , line 0: uncaught exception: undefined
JavaScript error: https://simcotools.app/static/js/main.2856f570.js, line 2: TypeError: e[(e.length - 1)] is undefined
JavaScript error: , line 0: uncaught exception: undefined
JavaScript error: https://simcotools.app/static/js/main.2856f570.js, line 2: TypeError: e[(e.length - 1)] is undefined
JavaScript error: https://simcotools.app/static/js/main.2856f570.js, line 2: TypeError: e[(e.length - 1)] is undefined
JavaScript error: https://simcotools.app/static/js/main.2856f570.js, line 2: TypeError: e[(e.length - 1)] is undefined
JavaScript error: , line 0: uncaught exception: undefined
JavaScript error: https://simcotools.app/static/js/main.2856f570.js, line 2: TypeError: e[(e.length - 1)] is undefined
JavaScript error: , line 0: uncaught exception: undefined
JavaScript error: https://simcotools.app/static/js/main.2856f570.js, line 2: TypeError: e[(e.length - 1)] is undefined
JavaScript error: , line 0: uncaught exception: undefined
JavaScript error: https://simcotools.app/static/js/main.2856f570.js, line 2: TypeError: e[(e.length - 1)] is undefined
JavaScript error: , line 0: uncaught exception: undefined
JavaScript error: https://simcotools.app/static/js/main.2856f570.js, line 2: TypeError: e[(e.length - 1)] is undefined
JavaScript error: , line 0: uncaught exception: undefined
JavaScript error: , line 0: uncaught exception: undefined
JavaScript error: https://simcotools.app/static/js/main.2856f570.js, line 2: TypeError: e[(e.length - 1)] is undefined
JavaScript error: , line 0: uncaught exception: undefined
JavaScript error: , line 0: uncaught exception: undefined
1659790648163	Marionette	WARN	Ignoring event 'pageshow' because document has an invalid readyState of 'uninitialized'.
JavaScript error: , line 0: uncaught exception: undefined
JavaScript error: , line 0: uncaught exception: undefined
1659790683207	Marionette	WARN	Ignoring event 'pageshow' because document has an invalid readyState of 'uninitialized'.
JavaScript error: , line 0: uncaught exception: undefined
JavaScript error: , line 0: uncaught exception: undefined
JavaScript error: , line 0: uncaught exception: undefined
JavaScript error: , line 0: uncaught exception: undefined
JavaScript error: , line 0: uncaught exception: undefined
JavaScript error: , line 0: uncaught exception: undefined
JavaScript error: , line 0: uncaught exception: undefined
JavaScript error: , line 0: uncaught exception: undefined
JavaScript error: , line 0: uncaught exception: undefined
JavaScript error: , line 0: uncaught exception: undefined
JavaScript error: , line 0: uncaught exception: undefined
JavaScript error: https://simcotools.app/static/js/main.2856f570.js, line 2: TypeError: e[(e.length - 1)] is undefined
JavaScript warning: https://pagead2.googlesyndication.com/bg/DGCvT-nfUO_IqA_cAEgHI9RDpG7IWcgQjTpWlJPkZjY.js line 2 > eval line 7531 > eval line 1 > eval line 1 > eval, line 1: WEBGL_debug_renderer_info is deprecated in Firefox and will be removed. Please use RENDERER.
JavaScript error: https://simcotools.app/static/js/main.2856f570.js, line 2: TypeError: e[(e.length - 1)] is undefined
JavaScript warning: https://pagead2.googlesyndication.com/bg/DGCvT-nfUO_IqA_cAEgHI9RDpG7IWcgQjTpWlJPkZjY.js line 2 > eval line 2135 > eval line 1 > eval line 1 > eval, line 1: WEBGL_debug_renderer_info is deprecated in Firefox and will be removed. Please use RENDERER.
JavaScript error: https://simcotools.app/static/js/main.2856f570.js, line 2: TypeError: e[(e.length - 1)] is undefined
JavaScript warning: https://pagead2.googlesyndication.com/bg/DGCvT-nfUO_IqA_cAEgHI9RDpG7IWcgQjTpWlJPkZjY.js line 2 > eval line 4085 > eval line 1 > eval line 1 > eval, line 1: WEBGL_debug_renderer_info is deprecated in Firefox and will be removed. Please use RENDERER.
JavaScript error: https://simcotools.app/static/js/main.2856f570.js, line 2: TypeError: e[(e.length - 1)] is undefined
JavaScript warning: https://pagead2.googlesyndication.com/bg/DGCvT-nfUO_IqA_cAEgHI9RDpG7IWcgQjTpWlJPkZjY.js line 2 > eval line 314 > eval line 1 > eval line 1 > eval, line 1: WEBGL_debug_renderer_info is deprecated in Firefox and will be removed. Please use RENDERER.
JavaScript error: https://simcotools.app/static/js/main.2856f570.js, line 2: TypeError: e[(e.length - 1)] is undefined
JavaScript warning: https://pagead2.googlesyndication.com/bg/DGCvT-nfUO_IqA_cAEgHI9RDpG7IWcgQjTpWlJPkZjY.js line 2 > eval line 3337 > eval line 1 > eval line 1 > eval, line 1: WEBGL_debug_renderer_info is deprecated in Firefox and will be removed. Please use RENDERER.
1659790776711	Marionette	INFO	Stopped listening on port 51052
console.warn: TopSitesFeed: Failed to fetch data from Contile server: NetworkError when attempting to fetch resource.
